<?xml version="1.0" encoding="UTF-8"?>
<testng-results ignored="0" total="2" passed="2" failed="0" skipped="0">
  <reporter-output>
  </reporter-output>
  <suite started-at="2024-03-11T10:30:47 GMT" name="Surefire suite" finished-at="2024-03-11T10:30:47 GMT" duration-ms="57">
    <groups>
    </groups>
    <test started-at="2024-03-11T10:30:47 GMT" name="Surefire test" finished-at="2024-03-11T10:30:47 GMT" duration-ms="57">
      <class name="com.sample.MainTest">
        <test-method is-config="true" signature="beforeTest()[pri:0, instance:com.sample.MainTest@2bbaf4f0]" started-at="2024-03-11T10:30:47 GMT" name="beforeTest" finished-at="2024-03-11T10:30:47 GMT" duration-ms="13" status="PASS">
          <reporter-output>
          </reporter-output>
        </test-method> <!-- beforeTest -->
        <test-method signature="f()[pri:0, instance:com.sample.MainTest@2bbaf4f0]" started-at="2024-03-11T10:30:47 GMT" name="f" finished-at="2024-03-11T10:30:47 GMT" duration-ms="2" status="PASS">
          <reporter-output>
          </reporter-output>
        </test-method> <!-- f -->
        <test-method signature="f2()[pri:1, instance:com.sample.MainTest@2bbaf4f0]" started-at="2024-03-11T10:30:47 GMT" name="f2" finished-at="2024-03-11T10:30:47 GMT" duration-ms="1" status="PASS">
          <reporter-output>
          </reporter-output>
        </test-method> <!-- f2 -->
        <test-method is-config="true" signature="afterTest()[pri:0, instance:com.sample.MainTest@2bbaf4f0]" started-at="2024-03-11T10:30:47 GMT" name="afterTest" finished-at="2024-03-11T10:30:47 GMT" duration-ms="1" status="PASS">
          <reporter-output>
          </reporter-output>
        </test-method> <!-- afterTest -->
      </class> <!-- com.sample.MainTest -->
    </test> <!-- Surefire test -->
  </suite> <!-- Surefire suite -->
</testng-results>
