<?xml version="1.0" encoding="UTF-8"?>
<testsuite xmlns:xsi="http://www.w3.org/2001/XMLSchema-instance" xsi:noNamespaceSchemaLocation="https://maven.apache.org/surefire/maven-surefire-plugin/xsd/surefire-test-report-3.0.xsd" version="3.0" name="com.sample.MainTest" time="0.618" tests="2" errors="0" skipped="0" failures="0">
  <properties>
[...]
</properties>
  <testcase name="f" classname="com.sample.MainTest" time="0.003">
    <system-out><![CDATA[@BeforeTest-Sanghamitra
@Test-Sanghamitra
]]></system-out>
  </testcase>
  <testcase name="f2" classname="com.sample.MainTest" time="0.029">
    <system-out><![CDATA[@Test2-Sanghamitra
]]></system-out>
  </testcase>
</testsuite>